"../../../../../../Users/u0803010/Documents/Unreal Projects/NarrowGauge/Content/Terrain.uasset" 0
"../../../../../../Users/u0803010/Documents/Unreal Projects/NarrowGauge/Content/Coal/lambert1.uasset" 1
"../../../../../../Users/u0803010/Documents/Unreal Projects/NarrowGauge/Content/FirstPerson/Animations/NEW/testarmsfps_Skeleton.uasset" 2
"../../../../../../Users/u0803010/Documents/Unreal Projects/NarrowGauge/Content/FirstPerson/Animations/NEW/armswalk.uasset" 3
"../../../../../../Users/u0803010/Documents/Unreal Projects/NarrowGauge/Content/FirstPerson/Character/Mesh/SK_Mannequin_Arms_Skeleton.uasset" 4
"../../../../../../Users/u0803010/Documents/Unreal Projects/NarrowGauge/Content/FirstPerson/Animations/FirstPerson_Idle.uasset" 5
"../../../../../../Users/u0803010/Documents/Unreal Projects/NarrowGauge/Content/FirstPerson/Animations/FirstPerson_JumpEnd.uasset" 6
"../../../../../../Users/u0803010/Documents/Unreal Projects/NarrowGauge/Content/FirstPerson/Animations/FirstPerson_JumpLoop.uasset" 7
"../../../../../../Users/u0803010/Documents/Unreal Projects/NarrowGauge/Content/FirstPerson/Animations/FirstPerson_JumpStart.uasset" 8
"../../../../../../Users/u0803010/Documents/Unreal Projects/NarrowGauge/Content/FirstPerson/Animations/FirstPerson_Run.uasset" 9
"../../../Engine/Content/EditorBlueprintResources/StandardMacros.uasset" 10
"../../../../../../Users/u0803010/Documents/Unreal Projects/NarrowGauge/Content/FirstPerson/Animations/FirstPerson_AnimBP.uasset" 11
"../../../../../../Users/u0803010/Documents/Unreal Projects/NarrowGauge/Content/FirstPerson/Character/Mesh/FirstPersonAnimBlueprint_Copy.uasset" 12
"../../../Engine/Content/Functions/Engine_MaterialFunctions02/Utility/BlendAngleCorrectedNormals.uasset" 13
"../../../Engine/Content/Functions/MaterialLayerFunctions/MatLayerBlend_NormalBlend.uasset" 14
"../../../Engine/Content/Functions/MaterialLayerFunctions/MatLayerBlend_Simple.uasset" 15
"../../../../../../Users/u0803010/Documents/Unreal Projects/NarrowGauge/Content/FirstPerson/Character/Materials/MaterialLayers/T_ML_Rubber_Blue_01_D.uasset" 16
"../../../../../../Users/u0803010/Documents/Unreal Projects/NarrowGauge/Content/FirstPerson/Character/Materials/MaterialLayers/T_ML_Rubber_Blue_01_N.uasset" 17
"../../../../../../Users/u0803010/Documents/Unreal Projects/NarrowGauge/Content/FirstPerson/Character/Materials/MaterialLayers/ML_GlossyBlack_Latex_UE4.uasset" 18
"../../../../../../Users/u0803010/Documents/Unreal Projects/NarrowGauge/Content/FirstPerson/Character/Materials/MaterialLayers/ML_Plastic_Shiny_Beige.uasset" 19
"../../../../../../Users/u0803010/Documents/Unreal Projects/NarrowGauge/Content/FirstPerson/Character/Textures/UE4_LOGO_CARD.uasset" 20
"../../../../../../Users/u0803010/Documents/Unreal Projects/NarrowGauge/Content/FirstPerson/Character/Materials/MaterialLayers/ML_Plastic_Shiny_Beige_LOGO.uasset" 21
"../../../../../../Users/u0803010/Documents/Unreal Projects/NarrowGauge/Content/FirstPerson/Character/Materials/MaterialLayers/T_ML_Aluminum01.uasset" 22
"../../../../../../Users/u0803010/Documents/Unreal Projects/NarrowGauge/Content/FirstPerson/Character/Materials/MaterialLayers/T_ML_Aluminum01_N.uasset" 23
"../../../../../../Users/u0803010/Documents/Unreal Projects/NarrowGauge/Content/FirstPerson/Character/Materials/MaterialLayers/ML_SoftMetal_UE4.uasset" 24
"../../../../../../Users/u0803010/Documents/Unreal Projects/NarrowGauge/Content/FirstPerson/Character/Textures/UE4_Mannequin__normals.uasset" 25
"../../../../../../Users/u0803010/Documents/Unreal Projects/NarrowGauge/Content/FirstPerson/Character/Textures/UE4_Mannequin_MAT_MASKA.uasset" 26
"../../../../../../Users/u0803010/Documents/Unreal Projects/NarrowGauge/Content/FirstPerson/Character/Materials/M_UE4Man_Body.uasset" 27
"../../../../../../Users/u0803010/Documents/Unreal Projects/NarrowGauge/Content/FirstPerson/Character/Mesh/SK_Mannequin_Arms_PhysicsAsset.uasset" 28
"../../../../../../Users/u0803010/Documents/Unreal Projects/NarrowGauge/Content/FirstPerson/Character/Mesh/SK_Mannequin_Arms.uasset" 29
"../../../../../../Users/u0803010/Documents/Unreal Projects/NarrowGauge/Content/FirstPerson/FPWeapon/Materials/MaterialLayers/ML_Plastic_Shiny_Beige_LOGO.uasset" 30
"../../../../../../Users/u0803010/Documents/Unreal Projects/NarrowGauge/Content/FirstPerson/FPWeapon/Materials/MaterialLayers/T_ML_FineRubber.uasset" 31
"../../../../../../Users/u0803010/Documents/Unreal Projects/NarrowGauge/Content/FirstPerson/FPWeapon/Materials/MaterialLayers/T_ML_Rubber_Blue_01_D.uasset" 32
"../../../../../../Users/u0803010/Documents/Unreal Projects/NarrowGauge/Content/FirstPerson/FPWeapon/Materials/MaterialLayers/T_ML_Rubber_Blue_01_N.uasset" 33
"../../../../../../Users/u0803010/Documents/Unreal Projects/NarrowGauge/Content/FirstPerson/FPWeapon/Materials/MaterialLayers/ML_GlossyBlack_Latex_UE4.uasset" 34
"../../../../../../Users/u0803010/Documents/Unreal Projects/NarrowGauge/Content/FirstPerson/FPWeapon/Materials/MaterialLayers/ML_Plastic_Shiny_Beige.uasset" 35
"../../../../../../Users/u0803010/Documents/Unreal Projects/NarrowGauge/Content/FirstPerson/FPWeapon/Materials/MaterialLayers/ML_Screen.uasset" 36
"../../../../../../Users/u0803010/Documents/Unreal Projects/NarrowGauge/Content/FirstPerson/FPWeapon/Materials/MaterialLayers/T_ML_Aluminum01.uasset" 37
"../../../../../../Users/u0803010/Documents/Unreal Projects/NarrowGauge/Content/FirstPerson/FPWeapon/Materials/MaterialLayers/T_ML_Aluminum01_N.uasset" 38
"../../../../../../Users/u0803010/Documents/Unreal Projects/NarrowGauge/Content/FirstPerson/FPWeapon/Materials/MaterialLayers/ML_SoftMetal_UE4.uasset" 39
"../../../../../../Users/u0803010/Documents/Unreal Projects/NarrowGauge/Content/FirstPerson/FPWeapon/Textures/T_FPGun_M.uasset" 40
"../../../../../../Users/u0803010/Documents/Unreal Projects/NarrowGauge/Content/FirstPerson/FPWeapon/Textures/T_FPGun_N.uasset" 41
"../../../../../../Users/u0803010/Documents/Unreal Projects/NarrowGauge/Content/FirstPerson/FPWeapon/Materials/M_FPGun.uasset" 42
"../../../../../../Users/u0803010/Documents/Unreal Projects/NarrowGauge/Content/FirstPerson/FPWeapon/Mesh/SK_FPGun_Skeleton.uasset" 43
"../../../../../../Users/u0803010/Documents/Unreal Projects/NarrowGauge/Content/FirstPerson/FPWeapon/Mesh/SK_FPGun.uasset" 44
"../../../../../../Users/u0803010/Documents/Unreal Projects/NarrowGauge/Content/FirstPerson/FPWeapon/Mesh/SK_FPGun_PhysicsAsset.uasset" 45
"../../../../../../Users/u0803010/Documents/Unreal Projects/NarrowGauge/Content/FirstPerson/Meshes/BaseMaterial.uasset" 46
"../../../../../../Users/u0803010/Documents/Unreal Projects/NarrowGauge/Content/FirstPerson/Meshes/CubeMaterialOverride.uasset" 47
"../../../../../../Users/u0803010/Documents/Unreal Projects/NarrowGauge/Content/FirstPersonBP/FirstPersonOverview.uasset" 48
"../../../../../../Users/u0803010/Documents/Unreal Projects/NarrowGauge/Content/FirstPerson/Animations/NEW/armswave.uasset" 49
"../../../../../../Users/u0803010/Documents/Unreal Projects/NarrowGauge/Content/FirstPerson/Animations/NEW/armsidle.uasset" 50
"../../../../../../Users/u0803010/Documents/Unreal Projects/NarrowGauge/Content/FirstPerson/Animations/NEW/armswalk2.uasset" 51
"../../../../../../Users/u0803010/Documents/Unreal Projects/NarrowGauge/Content/FirstPerson/Animations/NEW/arm1d.uasset" 52
"../../../../../../Users/u0803010/Documents/Unreal Projects/NarrowGauge/Content/FirstPerson/Animations/NEW/FPSBP.uasset" 53
"../../../../../../Users/u0803010/Documents/Unreal Projects/NarrowGauge/Content/FirstPerson/Animations/FirstPerson_Fire.uasset" 54
"../../../../../../Users/u0803010/Documents/Unreal Projects/NarrowGauge/Content/FirstPerson/Animations/FirstPersonFire_Montage.uasset" 55
"../../../../../../Users/u0803010/Documents/Unreal Projects/NarrowGauge/Content/Coal_Mat.uasset" 56
"../../../../../../Users/u0803010/Documents/Unreal Projects/NarrowGauge/Content/Coal/Coal1.uasset" 57
"../../../../../../Users/u0803010/Documents/Unreal Projects/NarrowGauge/Content/Coal/Coal2.uasset" 58
"../../../../../../Users/u0803010/Documents/Unreal Projects/NarrowGauge/Content/Coal/Coal3.uasset" 59
"../../../../../../Users/u0803010/Documents/Unreal Projects/NarrowGauge/Content/Coal/Coal4.uasset" 60
"../../../../../../Users/u0803010/Documents/Unreal Projects/NarrowGauge/Content/Coal/Coal5.uasset" 61
"../../../../../../Users/u0803010/Documents/Unreal Projects/NarrowGauge/Content/Coal/Coal6.uasset" 62
"../../../../../../Users/u0803010/Documents/Unreal Projects/NarrowGauge/Content/Coal/Coal7.uasset" 63
"../../../../../../Users/u0803010/Documents/Unreal Projects/NarrowGauge/Content/Coal_Blueprint.uasset" 64
"../../../../../../Users/u0803010/Documents/Unreal Projects/NarrowGauge/Content/Geometry/evilTrainModel_Skeleton.uasset" 65
"../../../../../../Users/u0803010/Documents/Unreal Projects/NarrowGauge/Content/Geometry/evilTrainModelTentacles_anim.uasset" 66
"../../../../../../Users/u0803010/Documents/Unreal Projects/NarrowGauge/Content/Spline_Blueprint.uasset" 67
"../../../../../../Users/u0803010/Documents/Unreal Projects/NarrowGauge/Content/Geometry/MAT_evilTrain.uasset" 68
"../../../../../../Users/u0803010/Documents/Unreal Projects/NarrowGauge/Content/Geometry/evilTrainModel_PhysicsAsset.uasset" 69
"../../../../../../Users/u0803010/Documents/Unreal Projects/NarrowGauge/Content/Geometry/evilTrainModel.uasset" 70
"../../../../../../Users/u0803010/Documents/Unreal Projects/NarrowGauge/Content/Textures/smoke.uasset" 71
"../../../../../../Users/u0803010/Documents/Unreal Projects/NarrowGauge/Content/Textures/SmokePuff_Mat.uasset" 72
"../../../../../../Users/u0803010/Documents/Unreal Projects/NarrowGauge/Content/Textures/Smoke_ParticleSystem.uasset" 73
"../../../../../../Users/u0803010/Documents/Unreal Projects/NarrowGauge/Content/EvilTrainTest.uasset" 74
"../../../../../../Users/u0803010/Documents/Unreal Projects/NarrowGauge/Content/FirstPerson/Meshes/FirstPersonProjectileMaterial.uasset" 75
"../../../../../../Users/u0803010/Documents/Unreal Projects/NarrowGauge/Content/FirstPerson/Meshes/FirstPersonProjectileMesh.uasset" 76
"../../../../../../Users/u0803010/Documents/Unreal Projects/NarrowGauge/Content/FirstPersonBP/Blueprints/FirstPersonProjectile.uasset" 77
"../../../../../../Users/u0803010/Documents/Unreal Projects/NarrowGauge/Content/Geometry/lambert1.uasset" 78
"../../../../../../Users/u0803010/Documents/Unreal Projects/NarrowGauge/Content/Geometry/TrainCar.uasset" 79
"../../../../../../Users/u0803010/Documents/Unreal Projects/NarrowGauge/Content/TrainCar_Blueprint.uasset" 80
"../../../Engine/Content/BasicShapes/BasicShapeMaterial.uasset" 81
"../../../Engine/Content/Functions/Engine_MaterialFunctions01/Opacity/CameraDepthFade.uasset" 82
"../../../Engine/Content/EngineMaterials/T_Default_Material_Grid_M.uasset" 83
"../../../Engine/Content/EngineMaterials/T_Default_Material_Grid_N.uasset" 84
"../../../Engine/Content/EngineMaterials/WorldGridMaterial.uasset" 85
"../../../Engine/Content/BasicShapes/Cube.uasset" 86
"../../../../../../Users/u0803010/Documents/Unreal Projects/NarrowGauge/Content/Geometry/MAT_locomotive.uasset" 87
"../../../../../../Users/u0803010/Documents/Unreal Projects/NarrowGauge/Content/Geometry/MAT_windowGlass.uasset" 88
"../../../../../../Users/u0803010/Documents/Unreal Projects/NarrowGauge/Content/Geometry/trainModel_PhysicsAsset.uasset" 89
"../../../../../../Users/u0803010/Documents/Unreal Projects/NarrowGauge/Content/Geometry/trainModel_Skeleton.uasset" 90
"../../../../../../Users/u0803010/Documents/Unreal Projects/NarrowGauge/Content/Geometry/trainModel.uasset" 91
"../../../../../../Users/u0803010/Documents/Unreal Projects/NarrowGauge/Content/TestTrain.uasset" 92
"../../../../../../Users/u0803010/Documents/Unreal Projects/NarrowGauge/Content/FirstPerson/Animations/NEW/BodyMat.uasset" 93
"../../../../../../Users/u0803010/Documents/Unreal Projects/NarrowGauge/Content/FirstPerson/Animations/NEW/testarmsfps_PhysicsAsset.uasset" 94
"../../../../../../Users/u0803010/Documents/Unreal Projects/NarrowGauge/Content/FirstPerson/Animations/NEW/testarmsfps.uasset" 95
"../../../../../../Users/u0803010/Documents/Unreal Projects/NarrowGauge/Content/FirstPerson/Audio/FirstPersonTemplateWeaponFire02.uasset" 96
"../../../../../../Users/u0803010/Documents/Unreal Projects/NarrowGauge/Content/FirstPersonBP/Blueprints/FirstPersonCharacter.uasset" 97
"../../../../../../Users/u0803010/Documents/Unreal Projects/NarrowGauge/Content/FirstPerson/Textures/FirstPersonCrosshair.uasset" 98
"../../../../../../Users/u0803010/Documents/Unreal Projects/NarrowGauge/Content/FirstPersonBP/Blueprints/FirstPersonHUD.uasset" 99
"../../../../../../Users/u0803010/Documents/Unreal Projects/NarrowGauge/Content/FirstPersonBP/Blueprints/FirstPersonGameMode.uasset" 100
"../../../../../../Users/u0803010/Documents/Unreal Projects/NarrowGauge/Content/Geometry/evilTrainModelMovement_anim.uasset" 101
"../../../../../../Users/u0803010/Documents/Unreal Projects/NarrowGauge/Content/Geometry/trainModel_anim.uasset" 102
"../../../../../../Users/u0803010/Documents/Unreal Projects/NarrowGauge/Content/Geometry/Meshes/CubeMaterial.uasset" 103
"../../../../../../Users/u0803010/Documents/Unreal Projects/NarrowGauge/Content/Geometry/Meshes/1M_Cube.uasset" 104
"../../../../../../Users/u0803010/Documents/Unreal Projects/NarrowGauge/Content/Geometry/Meshes/1M_Cube_Chamfer.uasset" 105
"../../../../../../Users/u0803010/Documents/Unreal Projects/NarrowGauge/Content/Geometry/Meshes/TemplateFloor.uasset" 106
"../../../../../../Users/u0803010/Documents/Unreal Projects/NarrowGauge/Content/HoudiniEngine/Temp/TerrainB7496CFA490D_LayerInfoObject_bedrock.uasset" 107
"../../../../../../Users/u0803010/Documents/Unreal Projects/NarrowGauge/Content/HoudiniEngine/Temp/terrain_hf31B712564975_LayerInfoObject_bedrock.uasset" 108
"../../../../../../Users/u0803010/Documents/Unreal Projects/NarrowGauge/Content/HoudiniEngine/Temp/terrain_hf_material_7_5051DA2A.uasset" 109
"../../../../../../Users/u0803010/Documents/Unreal Projects/NarrowGauge/Content/HoudiniEngine/Temp/Terrain_material_13_15723E9E.uasset" 110
"../../../../../../Users/u0803010/Documents/Unreal Projects/NarrowGauge/Content/RezTech_Studios/Textures/Cobblestone_Diffuse.uasset" 111
"../../../../../../Users/u0803010/Documents/Unreal Projects/NarrowGauge/Content/RezTech_Studios/Textures/Cobblestone_Normal.uasset" 112
"../../../../../../Users/u0803010/Documents/Unreal Projects/NarrowGauge/Content/RezTech_Studios/Textures/Cobblestone_RHAO.uasset" 113
"../../../../../../Users/u0803010/Documents/Unreal Projects/NarrowGauge/Content/RezTech_Studios/Textures/Dirt_01_Diffuse.uasset" 114
"../../../../../../Users/u0803010/Documents/Unreal Projects/NarrowGauge/Content/RezTech_Studios/Textures/Dirt_01_Normal.uasset" 115
"../../../../../../Users/u0803010/Documents/Unreal Projects/NarrowGauge/Content/RezTech_Studios/Textures/Dirt_01_RHAO.uasset" 116
"../../../../../../Users/u0803010/Documents/Unreal Projects/NarrowGauge/Content/RezTech_Studios/Textures/Dirt_02_Diffuse.uasset" 117
"../../../../../../Users/u0803010/Documents/Unreal Projects/NarrowGauge/Content/RezTech_Studios/Textures/Dirt_02_Normal.uasset" 118
"../../../../../../Users/u0803010/Documents/Unreal Projects/NarrowGauge/Content/RezTech_Studios/Textures/Dirt_02_RHAO.uasset" 119
"../../../../../../Users/u0803010/Documents/Unreal Projects/NarrowGauge/Content/RezTech_Studios/Textures/Dirt_04_Diffuse.uasset" 120
"../../../../../../Users/u0803010/Documents/Unreal Projects/NarrowGauge/Content/RezTech_Studios/Textures/Dirt_04_Normal.uasset" 121
"../../../../../../Users/u0803010/Documents/Unreal Projects/NarrowGauge/Content/RezTech_Studios/Textures/Dirt_04_RHAO.uasset" 122
"../../../../../../Users/u0803010/Documents/Unreal Projects/NarrowGauge/Content/RezTech_Studios/Textures/Moss_01_Albedo.uasset" 123
"../../../../../../Users/u0803010/Documents/Unreal Projects/NarrowGauge/Content/RezTech_Studios/Textures/Moss_Normal.uasset" 124
"../../../../../../Users/u0803010/Documents/Unreal Projects/NarrowGauge/Content/RezTech_Studios/Textures/Needles_01_Diffuse.uasset" 125
"../../../../../../Users/u0803010/Documents/Unreal Projects/NarrowGauge/Content/RezTech_Studios/Textures/Needles_01_Normal.uasset" 126
"../../../../../../Users/u0803010/Documents/Unreal Projects/NarrowGauge/Content/RezTech_Studios/Textures/Needles_01_RHAO.uasset" 127
"../../../../../../Users/u0803010/Documents/Unreal Projects/NarrowGauge/Content/RezTech_Studios/Textures/Rocks_01_Diffuse.uasset" 128
"../../../../../../Users/u0803010/Documents/Unreal Projects/NarrowGauge/Content/RezTech_Studios/Textures/Rocks_01_Normal.uasset" 129
"../../../../../../Users/u0803010/Documents/Unreal Projects/NarrowGauge/Content/RezTech_Studios/Textures/Rocks_01_RHAO.uasset" 130
"../../../../../../Users/u0803010/Documents/Unreal Projects/NarrowGauge/Content/UltraDynamicSky/Materials/Moon_Intensity.uasset" 131
"../../../../../../Users/u0803010/Documents/Unreal Projects/NarrowGauge/Content/UltraDynamicSky/Materials/Moon_Position.uasset" 132
"../../../../../../Users/u0803010/Documents/Unreal Projects/NarrowGauge/Content/UltraDynamicSky/Materials/Night_Filter.uasset" 133
"../../../../../../Users/u0803010/Documents/Unreal Projects/NarrowGauge/Content/UltraDynamicSky/Materials/Shine_Intensity.uasset" 134
"../../../../../../Users/u0803010/Documents/Unreal Projects/NarrowGauge/Content/UltraDynamicSky/Materials/Stars_Intensity.uasset" 135
"../../../../../../Users/u0803010/Documents/Unreal Projects/NarrowGauge/Content/UltraDynamicSky/Materials/Sun_Highlight_Radius.uasset" 136
"../../../../../../Users/u0803010/Documents/Unreal Projects/NarrowGauge/Content/UltraDynamicSky/Materials/Color_Curves/01/Cloud_Dark_Color_01.uasset" 137
"../../../../../../Users/u0803010/Documents/Unreal Projects/NarrowGauge/Content/UltraDynamicSky/Materials/Color_Curves/01/Cloud_Light_Color_01.uasset" 138
"../../../../../../Users/u0803010/Documents/Unreal Projects/NarrowGauge/Content/UltraDynamicSky/Materials/Color_Curves/01/Horizon_Base_Color_01.uasset" 139
"../../../../../../Users/u0803010/Documents/Unreal Projects/NarrowGauge/Content/UltraDynamicSky/Materials/Color_Curves/01/Sun_Color_01.uasset" 140
"../../../../../../Users/u0803010/Documents/Unreal Projects/NarrowGauge/Content/UltraDynamicSky/Materials/Color_Curves/01/Zenith_Base_Color_01.uasset" 141
"../../../../../../Users/u0803010/Documents/Unreal Projects/NarrowGauge/Content/UltraDynamicSky/Materials/Color_Curves/02/Cloud_Dark_Color_2.uasset" 142
"../../../../../../Users/u0803010/Documents/Unreal Projects/NarrowGauge/Content/UltraDynamicSky/Materials/Color_Curves/02/Cloud_Light_Color_2.uasset" 143
"../../../../../../Users/u0803010/Documents/Unreal Projects/NarrowGauge/Content/UltraDynamicSky/Materials/Color_Curves/02/Horizon_Base_Color_2.uasset" 144
"../../../../../../Users/u0803010/Documents/Unreal Projects/NarrowGauge/Content/UltraDynamicSky/Materials/Color_Curves/02/Sun_Color_2.uasset" 145
"../../../../../../Users/u0803010/Documents/Unreal Projects/NarrowGauge/Content/UltraDynamicSky/Materials/Color_Curves/02/Zenith_Base_Color_2.uasset" 146
"../../../../../../Users/u0803010/Documents/Unreal Projects/NarrowGauge/Content/UltraDynamicSky/Materials/Color_Curves/03/Cloud_Dark_Color_3.uasset" 147
"../../../../../../Users/u0803010/Documents/Unreal Projects/NarrowGauge/Content/UltraDynamicSky/Materials/Color_Curves/03/Cloud_Light_Color_3.uasset" 148
"../../../../../../Users/u0803010/Documents/Unreal Projects/NarrowGauge/Content/UltraDynamicSky/Materials/Color_Curves/03/Horizon_Base_Color_3.uasset" 149
"../../../../../../Users/u0803010/Documents/Unreal Projects/NarrowGauge/Content/UltraDynamicSky/Materials/Color_Curves/03/Sun_Color_3.uasset" 150
"../../../../../../Users/u0803010/Documents/Unreal Projects/NarrowGauge/Content/UltraDynamicSky/Materials/Color_Curves/03/Zenith_Base_Color_3.uasset" 151
"../../../../../../Users/u0803010/Documents/Unreal Projects/NarrowGauge/Content/UltraDynamicSky/Materials/Color_Curves/04/Cloud_Dark_Color_4.uasset" 152
"../../../../../../Users/u0803010/Documents/Unreal Projects/NarrowGauge/Content/UltraDynamicSky/Materials/Color_Curves/04/Cloud_Light_Color_4.uasset" 153
"../../../../../../Users/u0803010/Documents/Unreal Projects/NarrowGauge/Content/UltraDynamicSky/Materials/Color_Curves/04/Horizon_Base_Color_4.uasset" 154
"../../../../../../Users/u0803010/Documents/Unreal Projects/NarrowGauge/Content/UltraDynamicSky/Materials/Color_Curves/04/Sun_Color_4.uasset" 155
"../../../../../../Users/u0803010/Documents/Unreal Projects/NarrowGauge/Content/UltraDynamicSky/Materials/Color_Curves/04/Zenith_Base_Color_4.uasset" 156
"../../../../../../Users/u0803010/Documents/Unreal Projects/NarrowGauge/Content/UltraDynamicSky/Materials/Sun_Cloudy_Color.uasset" 157
"../../../Engine/Content/Functions/Engine_MaterialFunctions01/Density/ExponentialDensity.uasset" 158
"../../../Engine/Content/Functions/Engine_MaterialFunctions01/Gradient/RadialGradientExponential.uasset" 159
"../../../Engine/Content/Functions/Engine_MaterialFunctions02/Math/TimeWithSpeedVariable.uasset" 160
"../../../Engine/Content/Functions/Engine_MaterialFunctions02/Texturing/CustomRotator.uasset" 161
"../../../../../../Users/u0803010/Documents/Unreal Projects/NarrowGauge/Content/UltraDynamicSky/Materials/Filter_Clouds.uasset" 162
"../../../../../../Users/u0803010/Documents/Unreal Projects/NarrowGauge/Content/UltraDynamicSky/Textures/clouds_classic.uasset" 163
"../../../../../../Users/u0803010/Documents/Unreal Projects/NarrowGauge/Content/UltraDynamicSky/Materials/Cloud_Shadows.uasset" 164
"../../../Engine/Content/Functions/Engine_MaterialFunctions02/SafeNormalize.uasset" 165
"../../../Engine/Content/Functions/Engine_MaterialFunctions02/Math/CreateThirdOrthogonalVector.uasset" 166
"../../../Engine/Content/Functions/Engine_MaterialFunctions01/Coordinates/VirtualPlaneCoordinates.uasset" 167
"../../../Engine/Content/Functions/Engine_MaterialFunctions02/Utility/BreakOutFloat2Components.uasset" 168
"../../../Engine/Content/Functions/Engine_MaterialFunctions01/Texturing/ScaleUVsByCenter.uasset" 169
"../../../Engine/Content/Functions/Engine_MaterialFunctions01/Vectors/RotateVector.uasset" 170
"../../../Engine/Content/EngineMaterials/DefaultDiffuse.uasset" 171
"../../../Engine/Content/Functions/Engine_MaterialFunctions03/Texturing/SubUV_Function.uasset" 172
"../../../../../../Users/u0803010/Documents/Unreal Projects/NarrowGauge/Content/UltraDynamicSky/Textures/aurora_gradient.uasset" 173
"../../../../../../Users/u0803010/Documents/Unreal Projects/NarrowGauge/Content/UltraDynamicSky/Textures/blur_clouds.uasset" 174
"../../../../../../Users/u0803010/Documents/Unreal Projects/NarrowGauge/Content/UltraDynamicSky/Textures/radio.uasset" 175
"../../../../../../Users/u0803010/Documents/Unreal Projects/NarrowGauge/Content/UltraDynamicSky/Materials/Aurora.uasset" 176
"../../../../../../Users/u0803010/Documents/Unreal Projects/NarrowGauge/Content/UltraDynamicSky/Materials/Cloud_Layer.uasset" 177
"../../../../../../Users/u0803010/Documents/Unreal Projects/NarrowGauge/Content/UltraDynamicSky/Textures/wisps+stars+moonsprites.uasset" 178
"../../../../../../Users/u0803010/Documents/Unreal Projects/NarrowGauge/Content/UltraDynamicSky/Materials/Moon.uasset" 179
"../../../../../../Users/u0803010/Documents/Unreal Projects/NarrowGauge/Content/UltraDynamicSky/Materials/Scale_Radial_Gradient_Around_White.uasset" 180
"../../../../../../Users/u0803010/Documents/Unreal Projects/NarrowGauge/Content/UltraDynamicSky/Materials/Ultra_Dynamic_Sky_Mat.uasset" 181
"../../../../../../Users/u0803010/Documents/Unreal Projects/NarrowGauge/Content/UltraDynamicSky/Materials/Ultra_Dynamic_Sky_Mat_no_auroras.uasset" 182
"../../../../../../Users/u0803010/Documents/Unreal Projects/NarrowGauge/Content/UltraDynamicSky/Materials/Ultra_Dynamic_Sky_Mat_no_auroras_onecloudlayer.uasset" 183
"../../../../../../Users/u0803010/Documents/Unreal Projects/NarrowGauge/Content/UltraDynamicSky/Materials/Ultra_Dynamic_Sky_Mat_onecloudlayer.uasset" 184
"../../../../../../Users/u0803010/Documents/Unreal Projects/NarrowGauge/Content/UltraDynamicSky/Meshes/Ultra_Dynamic_Sky_Sphere.uasset" 185
"../../../../../../Users/u0803010/Documents/Unreal Projects/NarrowGauge/Content/UltraDynamicSky/Textures/clouds_voronoi.uasset" 186
"../../../../../../Users/u0803010/Documents/Unreal Projects/NarrowGauge/Content/UltraDynamicSky/Textures/flat.uasset" 187
"../../../../../../Users/u0803010/Documents/Unreal Projects/NarrowGauge/Content/UltraDynamicSky/Blueprints/Ultra_Dynamic_Sky_BP.uasset" 188
"../../../../../../Users/u0803010/Documents/Unreal Projects/NarrowGauge/Content/UltraDynamicSky/Blueprints/Ultra_Dynamic_Sky.uasset" 189
"../../../../../../Users/u0803010/Documents/Unreal Projects/NarrowGauge/Content/UltraDynamicSky/Default__Ultra_Dynamic_Sky_C.uasset" 190
"../../../../../../Users/u0803010/Documents/Unreal Projects/NarrowGauge/Content/UltraDynamicSky/Ultra_Dynamic_Sky.uasset" 191
"../../../../../../Users/u0803010/Documents/Unreal Projects/NarrowGauge/Content/UltraDynamicSky/Ultra_Dynamic_Sky_C.uasset" 192
"../../../Engine/Content/Animation/DefaultAnimCurveCompressionSettings.uasset" 193
"../../../Engine/Content/ArtTools/RenderToTexture/Meshes/S_1_Unit_Plane.uasset" 194
"../../../Engine/Content/EngineMaterials/DefaultMaterial.uasset" 195
"../../../Engine/Content/BasicShapes/Cone.uasset" 196
"../../../Engine/Content/BasicShapes/Cylinder.uasset" 197
"../../../Engine/Content/BasicShapes/Plane.uasset" 198
"../../../Engine/Content/BasicShapes/Sphere.uasset" 199
"../../../Engine/Content/EditorMaterials/GizmoMaterial.uasset" 200
"../../../Engine/Content/EditorMaterials/MAT_Groups_Toggle.uasset" 201
"../../../Engine/Content/EditorMaterials/MAT_Groups_Visibility.uasset" 202
"../../../Engine/Content/EditorMaterials/PreviewShadowIndicator.uasset" 203
"../../../Engine/Content/EditorMaterials/PreviewShadowIndicatorMaterial.uasset" 204
"../../../Engine/Content/EditorMaterials/MatineeGroups/MAT_ColorTrack.uasset" 205
"../../../Engine/Content/EditorMaterials/MatineeGroups/MAT_Groups_Anim.uasset" 206
"../../../Engine/Content/EditorMaterials/MatineeGroups/MAT_Groups_AudioMaster.uasset" 207
"../../../Engine/Content/EditorMaterials/MatineeGroups/MAT_Groups_Director.uasset" 208
"../../../Engine/Content/EditorMaterials/MatineeGroups/MAT_Groups_Event.uasset" 209
"../../../Engine/Content/EditorMaterials/MatineeGroups/MAT_Groups_Fade.uasset" 210
"../../../Engine/Content/EditorMaterials/MatineeGroups/MAT_Groups_Float.uasset" 211
"../../../Engine/Content/EditorMaterials/MatineeGroups/MAT_Groups_Move.uasset" 212
"../../../Engine/Content/EditorMaterials/MatineeGroups/MAT_Groups_Slomo.uasset" 213
"../../../Engine/Content/EditorMaterials/MatineeGroups/MAT_Groups_Sound.uasset" 214
"../../../Engine/Content/EditorMaterials/MatineeGroups/MAT_Groups_Vector.uasset" 215
"../../../Engine/Content/EditorMaterials/ParticleSystems/PSysThumbnail_NoImage.uasset" 216
"../../../Engine/Content/EditorMaterials/ParticleSystems/PSysThumbnail_OOD.uasset" 217
"../../../Engine/Content/EditorMaterials/Camera/CineMat.uasset" 218
"../../../Engine/Content/EditorMaterials/Camera/MI_CineMat_Rig.uasset" 219
"../../../Engine/Content/EditorMeshes/Camera/SM_CraneRig_Arm.uasset" 220
"../../../Engine/Content/EditorMeshes/Camera/SM_CraneRig_Base.uasset" 221
"../../../Engine/Content/EditorMeshes/Camera/SM_CraneRig_Body.uasset" 222
"../../../Engine/Content/EditorMeshes/Camera/SM_CraneRig_Mount.uasset" 223
"../../../Engine/Content/EditorMeshes/Camera/SM_RailRig_Mount.uasset" 224
"../../../Engine/Content/EditorMeshes/Camera/SM_RailRig_Track.uasset" 225
"../../../Engine/Content/EditorResources/BSPVertex.uasset" 226
"../../../Engine/Content/EditorResources/EmptyActor.uasset" 227
"../../../Engine/Content/EditorResources/S_Actor.uasset" 228
"../../../Engine/Content/EditorResources/S_Note.uasset" 229
"../../../Engine/Content/EditorResources/S_Trigger.uasset" 230
"../../../Engine/Content/EditorResources/LightIcons/S_LightError.uasset" 231
"../../../Engine/Content/EditorResources/SequenceRecorder/Countdown.uasset" 232
"../../../Engine/Content/EditorResources/SequenceRecorder/RecordingIndicator.uasset" 233
"../../../Engine/Content/EditorSounds/Notifications/CompileFailed.uasset" 234
"../../../Engine/Content/EditorSounds/Notifications/CompileFailed_Cue.uasset" 235
"../../../Engine/Content/EditorSounds/Notifications/CompileSuccess.uasset" 236
"../../../Engine/Content/EditorSounds/Notifications/CompileStart_Cue.uasset" 237
"../../../Engine/Content/EditorSounds/Notifications/CompileSuccess_Cue.uasset" 238
"../../../Engine/Content/EngineDamageTypes/DmgTypeBP_Environmental.uasset" 239
"../../../Engine/Content/EngineDebugMaterials/HeatmapGradient.uasset" 240
"../../../Engine/Content/EngineDebugMaterials/BoneWeightMaterial.uasset" 241
"../../../Engine/Content/EngineDebugMaterials/ClothMaterial.uasset" 242
"../../../Engine/Content/EngineDebugMaterials/ClothMaterial_WF.uasset" 243
"../../../Engine/Content/EngineDebugMaterials/DebugEditorMaterial.uasset" 244
"../../../Engine/Content/EngineDebugMaterials/DebugMeshMaterial.uasset" 245
"../../../Engine/Content/EngineDebugMaterials/GeomMaterial.uasset" 246
"../../../Engine/Content/EngineDebugMaterials/M_SimpleTranslucent.uasset" 247
"../../../Engine/Content/EngineFonts/Faces/RobotoBold.uasset" 248
"../../../Engine/Content/EngineFonts/Faces/RobotoBoldItalic.uasset" 249
"../../../Engine/Content/EngineFonts/Faces/RobotoItalic.uasset" 250
"../../../Engine/Content/EngineFonts/Faces/RobotoLight.uasset" 251
"../../../Engine/Content/EngineFonts/Faces/RobotoRegular.uasset" 252
"../../../Engine/Content/EngineFonts/Roboto.uasset" 253
"../../../Engine/Content/EngineFonts/Faces/RobotoTiny.uasset" 254
"../../../Engine/Content/EngineFonts/RobotoTiny.uasset" 255
"../../../Engine/Content/EngineMaterials/BaseFlattenDiffuseMap.uasset" 256
"../../../Engine/Content/EngineMaterials/BaseFlattenEmissiveMap.uasset" 257
"../../../Engine/Content/EngineMaterials/BaseFlattenGrayscaleMap.uasset" 258
"../../../Engine/Content/EngineMaterials/BaseFlattenNormalMap.uasset" 259
"../../../Engine/Content/EngineMaterials/BaseFlattenMaterial.uasset" 260
"../../../Engine/Content/EngineMaterials/DefaultBloomKernel.uasset" 261
"../../../Engine/Content/EngineMaterials/DefaultBokeh.uasset" 262
"../../../Engine/Content/EngineMaterials/DefaultDeferredDecalMaterial.uasset" 263
"../../../Engine/Content/EngineMaterials/DefaultLightFunctionMaterial.uasset" 264
"../../../Engine/Content/EngineMaterials/DefaultPostProcessMaterial.uasset" 265
"../../../Engine/Content/EngineFonts/RobotoDistanceField.uasset" 266
"../../../Engine/Content/EngineMaterials/DefaultTextMaterialOpaque.uasset" 267
"../../../Engine/Content/EngineMaterials/DefaultWhiteGrid.uasset" 268
"../../../Engine/Content/EngineMaterials/EditorBrushMaterial.uasset" 269
"../../../Engine/Content/EngineMaterials/Good64x64TilingNoiseHighFreq.uasset" 270
"../../../Engine/Content/EngineMaterials/MiniFont.uasset" 271
"../../../Engine/Content/EngineMaterials/InvalidLightmapSettings.uasset" 272
"../../../Engine/Content/EngineMaterials/M_InvalidLightmapSettings.uasset" 273
"../../../Engine/Content/Functions/Engine_MaterialFunctions02/WorldPositionOffset/CameraOffset.uasset" 274
"../../../Engine/Content/EngineMaterials/PhAT_JointLimitMaterial.uasset" 275
"../../../Engine/Content/EngineMaterials/PreintegratedSkinBRDF.uasset" 276
"../../../Engine/Content/EngineMaterials/RemoveSurfaceMaterial.uasset" 277
"../../../Engine/Content/EngineMaterials/WeightMapPlaceholderTexture.uasset" 278
"../../../Engine/Content/EngineResources/WhiteSquareTexture.uasset" 279
"../../../Engine/Content/EngineMaterials/Widget3DPassThrough.uasset" 280
"../../../Engine/Content/EngineMaterials/Widget3DPassThrough_Masked.uasset" 281
"../../../Engine/Content/EngineMaterials/Widget3DPassThrough_Opaque.uasset" 282
"../../../Engine/Content/EngineMaterials/Widget3DPassThrough_Masked_OneSided.uasset" 283
"../../../Engine/Content/EngineMaterials/Widget3DPassThrough_Opaque_OneSided.uasset" 284
"../../../Engine/Content/EngineMaterials/Widget3DPassThrough_Translucent.uasset" 285
"../../../Engine/Content/EngineMaterials/Widget3DPassThrough_Translucent_OneSided.uasset" 286
"../../../Engine/Content/EngineMeshes/Cylinder.uasset" 287
"../../../Engine/Content/EngineMeshes/Sphere.uasset" 288
"../../../Engine/Content/EngineResources/Black.uasset" 289
"../../../Engine/Content/EngineResources/DefaultTexture.uasset" 290
"../../../Engine/Content/EngineResources/DefaultTextureCube.uasset" 291
"../../../Engine/Content/EngineResources/DefaultVolumeTexture2D.uasset" 292
"../../../Engine/Content/EngineResources/DefaultVolumeTexture.uasset" 293
"../../../Engine/Content/EngineResources/GradientTexture0.uasset" 294
"../../../Engine/Content/EngineSounds/Master.uasset" 295
"../../../Engine/Content/Functions/Engine_MaterialFunctions01/Shading/ConvertFromDiffSpec.uasset" 296
"../../../Engine/Content/Functions/Engine_MaterialFunctions01/Shading/PowerToRoughness.uasset" 297
"../../../Engine/Content/Maps/Templates/Thumbnails/Default.uasset" 298
"../../../Engine/Content/Maps/Templates/Thumbnails/VR-Basic.uasset" 299
"../../../Engine/Content/MobileResources/T_MobileControls_texture.uasset" 300
"../../../Engine/Content/MobileResources/T_MobileMenu2.uasset" 301
"../../../Engine/Content/MobileResources/HUD/AnalogHat.uasset" 302
"../../../Engine/Content/MobileResources/HUD/VirtualJoystick_Background.uasset" 303
"../../../Engine/Content/MobileResources/HUD/VirtualJoystick_Thumb.uasset" 304
"../../../Engine/Content/MobileResources/HUD/DefaultVirtualJoysticks.uasset" 305
"../../../Engine/Content/MobileResources/HUD/LeftVirtualJoystickOnly.uasset" 306
"../../../Engine/Content/MobileResources/HUD/MobileHUDButton1_off.uasset" 307
"../../../Engine/Content/MobileResources/HUD/MobileHUDButton1_on.uasset" 308
"../../../Engine/Content/MobileResources/HUD/MobileHUDButton2_off.uasset" 309
"../../../Engine/Content/MobileResources/HUD/MobileHUDButton2_on.uasset" 310
"../../../Engine/Content/MobileResources/HUD/MobileHUDButton3.uasset" 311
"../../../Engine/Content/MobileResources/HUD/MobileHUDButtonFire.uasset" 312
"../../../Engine/Content/MobileResources/HUD/MobileHUDDirectionPad.uasset" 313
"../../../Engine/Content/MobileResources/HUD/MobileHUDDirectionPad2.uasset" 314
"../../../Engine/Content/MobileResources/HUD/MobileHUDDirectionPad3.uasset" 315
"../../../Engine/Content/MobileResources/HUD/MobileHUDDirectionStick.uasset" 316
"../../../Engine/Content/MobileResources/HUD/T_Castle_ThumbstickInner.uasset" 317
"../../../Engine/Content/MobileResources/HUD/T_Castle_ThumbstickOutter.uasset" 318
"../../../Engine/Content/Tutorial/ContentIntroCurve.uasset" 319
"../../../Engine/Content/Tutorial/Basics/LevelEditorAttract.uasset" 320
"../../../Engine/Content/VREditor/LaserPointer/VR_LaserPower_01.uasset" 321
"../../../Engine/Content/VREditor/TransformGizmo/TransformGizmoMaterial.uasset" 322
"../../../Engine/Content/VREditor/TransformGizmo/TranslucentTransformGizmoMaterial.uasset" 323
"../../../Engine/Content/VREditor/TransformGizmo/BoundingBoxCorner.uasset" 324
"../../../Engine/Content/VREditor/TransformGizmo/BoundingBoxEdge.uasset" 325
"../../../Engine/Content/VREditor/TransformGizmo/PlaneTranslationHandle.uasset" 326
"../../../Engine/Content/VREditor/TransformGizmo/Main.uasset" 327
"../../../Engine/Content/VREditor/TransformGizmo/Xray.uasset" 328
"../../../Engine/Content/VREditor/TransformGizmo/SM_Sequencer_Key.uasset" 329
"../../../Engine/Content/VREditor/TransformGizmo/SM_Sequencer_Node.uasset" 330
"../../Plugins/2D/Paper2D/Content/PlaceholderTextures/DummySpriteTexture.uasset" 331
"../../Plugins/2D/Paper2D/Content/DummySprite.uasset" 332
"../../Plugins/2D/Paper2D/Content/DefaultPaperTerrainMaterial.uasset" 333
"../../Plugins/2D/Paper2D/Content/DummySpriteTexture.uasset" 334
"../../Plugins/2D/Paper2D/Content/DefaultSpriteMaterial.uasset" 335
"../../Plugins/2D/Paper2D/Content/MaskedUnlitSpriteMaterial.uasset" 336
"../../Plugins/2D/Paper2D/Content/OpaqueUnlitSpriteMaterial.uasset" 337
"../../Plugins/HoudiniEngine/Content/houdini_bgeo_import.uasset" 338
"../../Plugins/HoudiniEngine/Content/houdini_logo.uasset" 339
"../../Plugins/Runtime/Oculus/OculusVR/Content/OculusMR_RenderTarget.uasset" 340
"../../../Engine/Content/Functions/Engine_MaterialFunctions02/Utility/BreakOutFloat4Components.uasset" 341
"../../../Engine/Content/Functions/Engine_MaterialFunctions02/Utility/MakeFloat2.uasset" 342
"../../../Engine/Content/Functions/Engine_MaterialFunctions02/Utility/MakeFloat3.uasset" 343
"../../Plugins/Runtime/Oculus/OculusVR/Content/Materials/OculusMR_ChromaKey.uasset" 344
"../../Plugins/Runtime/Oculus/OculusVR/Content/Materials/OculusMR_ChromaKey_Lit.uasset" 345
"../../Plugins/Runtime/Oculus/OculusVR/Content/Materials/OculusMR_OpaqueColoredMaterial.uasset" 346
"../../Plugins/Runtime/Oculus/OculusVR/Content/Materials/OculusMR_WhiteMaterial.uasset" 347
"../../Plugins/Runtime/Oculus/OculusVR/Content/Materials/PokeAHoleMaterial.uasset" 348
"../../Plugins/Runtime/Oculus/OculusVR/Content/Textures/GearVRController_AO.uasset" 349
"../../Plugins/Runtime/Oculus/OculusVR/Content/Textures/GearVRController_Color.uasset" 350
"../../Plugins/Runtime/Oculus/OculusVR/Content/Textures/GearVRController_Normal.uasset" 351
"../../Plugins/Runtime/Oculus/OculusVR/Content/Materials/GearVRControllerMaterial.uasset" 352
"../../Plugins/Runtime/Oculus/OculusVR/Content/Meshes/GearVrController.uasset" 353
"../../Plugins/Runtime/Oculus/OculusVR/Content/Textures/touchController_albedo.uasset" 354
"../../Plugins/Runtime/Oculus/OculusVR/Content/Textures/touchController_controlmap.uasset" 355
"../../Plugins/Runtime/Oculus/OculusVR/Content/Materials/touchController_mat.uasset" 356
"../../Plugins/Runtime/Oculus/OculusVR/Content/Meshes/LeftTouchController.uasset" 357
"../../Plugins/Runtime/Oculus/OculusVR/Content/Meshes/RiftHMD.uasset" 358
"../../Plugins/Runtime/Oculus/OculusVR/Content/Meshes/RightTouchController.uasset" 359
"../../../../../../Users/u0803010/Documents/Unreal Projects/NarrowGauge/Content/Geometry/trackBuilder.uasset" 360
"../../../../../../Users/u0803010/Documents/Unreal Projects/NarrowGauge/Content/RezTech_Studios/Landscape_Materials/Foliage/Dirt_01.uasset" 361
"../../../../../../Users/u0803010/Documents/Unreal Projects/NarrowGauge/Content/RezTech_Studios/Landscape_Materials/Foliage/Dirt_02.uasset" 362
"../../../../../../Users/u0803010/Documents/Unreal Projects/NarrowGauge/Content/RezTech_Studios/Landscape_Materials/Foliage/Grass_01.uasset" 363
"../../../../../../Users/u0803010/Documents/Unreal Projects/NarrowGauge/Content/RezTech_Studios/Landscape_Materials/Foliage/Grass_02.uasset" 364
"../../../../../../Users/u0803010/Documents/Unreal Projects/NarrowGauge/Content/Maps/AlexLevel_sharedassets/Dirt_02_LayerInfo.uasset" 365
"../../../../../../Users/u0803010/Documents/Unreal Projects/NarrowGauge/Content/Maps/AlexLevel_sharedassets/Grass_01_LayerInfo.uasset" 366
"../../../../../../Users/u0803010/Documents/Unreal Projects/NarrowGauge/Content/Maps/AlexLevel_sharedassets/Grass_02_LayerInfo.uasset" 367
"../../../../../../Users/u0803010/Documents/Unreal Projects/NarrowGauge/Content/Maps/AlexLevel_sharedassets/Rock_LayerInfo.uasset" 368
"../../../../../../Users/u0803010/Documents/Unreal Projects/NarrowGauge/Content/Maps/Dirt_01_LayerInfo.uasset" 369
"../../../../../../Users/u0803010/Documents/Unreal Projects/NarrowGauge/Content/Maps/AlexLevel_BuiltData.uasset" 370
"../../../../../../Users/u0803010/Documents/Unreal Projects/NarrowGauge/Content/RezTech_Studios/Textures/Dirt_03_Diffuse.uasset" 371
"../../../../../../Users/u0803010/Documents/Unreal Projects/NarrowGauge/Content/RezTech_Studios/Textures/Dirt_03_Normal.uasset" 372
"../../../../../../Users/u0803010/Documents/Unreal Projects/NarrowGauge/Content/RezTech_Studios/Textures/Dirt_03_RHAO.uasset" 373
"../../../../../../Users/u0803010/Documents/Unreal Projects/NarrowGauge/Content/RezTech_Studios/Textures/White.uasset" 374
"../../../../../../Users/u0803010/Documents/Unreal Projects/NarrowGauge/Content/RezTech_Studios/Material_Functions/Ground_Dirt_01_F.uasset" 375
"../../../../../../Users/u0803010/Documents/Unreal Projects/NarrowGauge/Content/RezTech_Studios/Textures/Desert_01_Diffuse.uasset" 376
"../../../../../../Users/u0803010/Documents/Unreal Projects/NarrowGauge/Content/RezTech_Studios/Textures/Desert_01_Normal.uasset" 377
"../../../../../../Users/u0803010/Documents/Unreal Projects/NarrowGauge/Content/RezTech_Studios/Textures/Desert_01_RHAO.uasset" 378
"../../../../../../Users/u0803010/Documents/Unreal Projects/NarrowGauge/Content/RezTech_Studios/Material_Functions/Ground_Dirt_02_F.uasset" 379
"../../../../../../Users/u0803010/Documents/Unreal Projects/NarrowGauge/Content/RezTech_Studios/Textures/Grass_01_Diffuse.uasset" 380
"../../../../../../Users/u0803010/Documents/Unreal Projects/NarrowGauge/Content/RezTech_Studios/Textures/Grass_01_Normal.uasset" 381
"../../../../../../Users/u0803010/Documents/Unreal Projects/NarrowGauge/Content/RezTech_Studios/Textures/Grass_01_RHAO.uasset" 382
"../../../../../../Users/u0803010/Documents/Unreal Projects/NarrowGauge/Content/RezTech_Studios/Material_Functions/Ground_Grass_01_F.uasset" 383
"../../../../../../Users/u0803010/Documents/Unreal Projects/NarrowGauge/Content/RezTech_Studios/Textures/Grass_02_Diffuse.uasset" 384
"../../../../../../Users/u0803010/Documents/Unreal Projects/NarrowGauge/Content/RezTech_Studios/Textures/Grass_02_Normal.uasset" 385
"../../../../../../Users/u0803010/Documents/Unreal Projects/NarrowGauge/Content/RezTech_Studios/Textures/Grass_02_RHAO.uasset" 386
"../../../../../../Users/u0803010/Documents/Unreal Projects/NarrowGauge/Content/RezTech_Studios/Material_Functions/Ground_Grass_02_F_.uasset" 387
"../../../../../../Users/u0803010/Documents/Unreal Projects/NarrowGauge/Content/RezTech_Studios/Textures/Moss_02_Albedo.uasset" 388
"../../../../../../Users/u0803010/Documents/Unreal Projects/NarrowGauge/Content/RezTech_Studios/Textures/Rock_Cliff_01_Diffuse.uasset" 389
"../../../../../../Users/u0803010/Documents/Unreal Projects/NarrowGauge/Content/RezTech_Studios/Textures/Rock_Cliff_01_Normal.uasset" 390
"../../../../../../Users/u0803010/Documents/Unreal Projects/NarrowGauge/Content/RezTech_Studios/Textures/Rock_Cliff_01_RHAO.uasset" 391
"../../../../../../Users/u0803010/Documents/Unreal Projects/NarrowGauge/Content/RezTech_Studios/Material_Functions/Ground_Rock_01_F.uasset" 392
"../../../../../../Users/u0803010/Documents/Unreal Projects/NarrowGauge/Content/RezTech_Studios/Textures/Macro_Variation.uasset" 393
"../../../../../../Users/u0803010/Documents/Unreal Projects/NarrowGauge/Content/RezTech_Studios/Landscape_Materials/Non_Tessellated_Material/Landscape_No_Tess_Master.uasset" 394
"../../Plugins/HoudiniEngine/Content/houdini_default_material.uasset" 395
"../../../Engine/Content/EngineMaterials/DefaultPhysicalMaterial.uasset" 396
"../../../../../../Users/u0803010/Documents/Unreal Projects/NarrowGauge/Content/RocksAndTrees/initialShadingGroup.uasset" 397
"../../../../../../Users/u0803010/Documents/Unreal Projects/NarrowGauge/Content/RocksAndTrees/Rock1.uasset" 398
"../../../../../../Users/u0803010/Documents/Unreal Projects/NarrowGauge/Content/RocksAndTrees/Rock2.uasset" 399
"../../../../../../Users/u0803010/Documents/Unreal Projects/NarrowGauge/Content/RocksAndTrees/Rock3.uasset" 400
"../../../../../../Users/u0803010/Documents/Unreal Projects/NarrowGauge/Content/RocksAndTrees/Rock4.uasset" 401
"../../../../../../Users/u0803010/Documents/Unreal Projects/NarrowGauge/Content/RocksAndTrees/lambert2SG.uasset" 402
"../../../../../../Users/u0803010/Documents/Unreal Projects/NarrowGauge/Content/RocksAndTrees/lambert3SG.uasset" 403
"../../../../../../Users/u0803010/Documents/Unreal Projects/NarrowGauge/Content/RocksAndTrees/Tree1.uasset" 404
"../../../../../../Users/u0803010/Documents/Unreal Projects/NarrowGauge/Content/RocksAndTrees/Tree2.uasset" 405
"../../../../../../Users/u0803010/Documents/Unreal Projects/NarrowGauge/Content/RocksAndTrees/Tree3.uasset" 406
"../../../../../../Users/u0803010/Documents/Unreal Projects/NarrowGauge/Content/RocksAndTrees/Tree4.uasset" 407
"../../../../../../Users/u0803010/Documents/Unreal Projects/NarrowGauge/Content/RocksAndTrees/Tree5.uasset" 408
"../../../../../../Users/u0803010/Documents/Unreal Projects/NarrowGauge/Content/Maps/AlexLevel.umap" 409
"../../../Engine/Content/EngineSky/C_Sky_Cloud_Color.uasset" 410
"../../../Engine/Content/EngineSky/C_Sky_Horizon_Color.uasset" 411
"../../../Engine/Content/EngineSky/C_Sky_Zenith_Color.uasset" 412
"../../../Engine/Content/EngineSky/T_Sky_Blue.uasset" 413
"../../../Engine/Content/EngineSky/T_Sky_Clouds_M.uasset" 414
"../../../Engine/Content/EngineSky/T_Sky_Stars.uasset" 415
"../../../Engine/Content/EngineSky/M_Sky_Panning_Clouds2.uasset" 416
"../../../Engine/Content/EngineSky/SM_SkySphere.uasset" 417
"../../../Engine/Content/EngineSky/BP_Sky_Sphere.uasset" 418
"../../../../../../Users/u0803010/Documents/Unreal Projects/NarrowGauge/Content/Maps/TestWorld_BuiltData.uasset" 419
"../../../../../../Users/u0803010/Documents/Unreal Projects/NarrowGauge/Content/Maps/TestWorld.umap" 420
"../../../Engine/Content/EditorLandscapeResources/DataLayer.uasset" 421
"../../../../../../Users/u0803010/Documents/Unreal Projects/NarrowGauge/Content/RezTech_Studios/Landscape_Materials/Layers/Dirt_01_LayerInfo.uasset" 422
"../../../../../../Users/u0803010/Documents/Unreal Projects/NarrowGauge/Content/RezTech_Studios/Landscape_Materials/Layers/Dirt_02_LayerInfo.uasset" 423
"../../../../../../Users/u0803010/Documents/Unreal Projects/NarrowGauge/Content/RezTech_Studios/Landscape_Materials/Layers/Foliage_Removal_LayerInfo.uasset" 424
"../../../../../../Users/u0803010/Documents/Unreal Projects/NarrowGauge/Content/RezTech_Studios/Landscape_Materials/Layers/Grass_01_LayerInfo.uasset" 425
"../../../../../../Users/u0803010/Documents/Unreal Projects/NarrowGauge/Content/RezTech_Studios/Landscape_Materials/Layers/Grass_02_LayerInfo.uasset" 426
"../../../../../../Users/u0803010/Documents/Unreal Projects/NarrowGauge/Content/RezTech_Studios/Landscape_Materials/Layers/Rock_LayerInfo.uasset" 427
"../../../../../../Users/u0803010/Documents/Unreal Projects/NarrowGauge/Content/RezTech_Studios/Levels/Landscape_Scene_01_BuiltData.uasset" 428
"../../../Engine/Content/Functions/Engine_MaterialFunctions02/Utility/VectorLength.uasset" 429
"../../../../../../Users/u0803010/Documents/Unreal Projects/NarrowGauge/Content/RezTech_Studios/Landscape_Materials/Tessellated_Material/Landscape_Hole.uasset" 430
"../../../../../../Users/u0803010/Documents/Unreal Projects/NarrowGauge/Content/RezTech_Studios/Landscape_Materials/Tessellated_Material/Landscape_Master.uasset" 431
"../../../../../../Users/u0803010/Documents/Unreal Projects/NarrowGauge/Content/RezTech_Studios/Landscape_Materials/Tessellated_Material/Landscape_Master_Inst.uasset" 432
"../../../../../../Users/u0803010/Documents/Unreal Projects/NarrowGauge/Content/RezTech_Studios/Levels/Landscape_Scene_01.umap" 433
"../../../../../../Users/u0803010/Documents/Unreal Projects/NarrowGauge/Content/RezTech_Studios/Landscape_Materials/Non_Tessellated_Material/Landscape_No_Tess_Hole.uasset" 434
"../../../../../../Users/u0803010/Documents/Unreal Projects/NarrowGauge/Content/RezTech_Studios/Textures/Rock_Cliff_02_Diffuse.uasset" 435
"../../../../../../Users/u0803010/Documents/Unreal Projects/NarrowGauge/Content/RezTech_Studios/Textures/Rock_Cliff_02_Normal.uasset" 436
"../../../../../../Users/u0803010/Documents/Unreal Projects/NarrowGauge/Content/RezTech_Studios/Textures/Rock_Cliff_02_RHAO.uasset" 437
"../../../../../../Users/u0803010/Documents/Unreal Projects/NarrowGauge/Content/RezTech_Studios/Landscape_Materials/Non_Tessellated_Material/Landscape_No_Tess_Master_Inst.uasset" 438
"../../../../../../Users/u0803010/Documents/Unreal Projects/NarrowGauge/Content/RezTech_Studios/Levels/Landscape_Scene_02_No_Tess.umap" 439
"../../../../../../Users/u0803010/Documents/Unreal Projects/NarrowGauge/Content/RezTech_Studios/Levels/Landscape_Scene_03_BuiltData.uasset" 440
"../../../../../../Users/u0803010/Documents/Unreal Projects/NarrowGauge/Content/RezTech_Studios/Levels/Landscape_Scene_03.umap" 441
"../../../Engine/Content/MapTemplates/SM_Template_Map_Floor.uasset" 442
"../../../../../../Users/u0803010/Documents/Unreal Projects/NarrowGauge/Content/UltraDynamicSky/Maps/DemoMap.umap" 443
"../../../Engine/Content/Maps/Entry_BuiltData.uasset" 444
"../../../Engine/Content/Maps/Entry.umap" 445
